The system is: Windows - 6.1.7601 - AMD64
Compiling the C compiler identification source file "CMakeCCompilerId.c" succeeded.
Compiler: C:/Program Files (x86)/Microsoft Visual Studio/2019/BuildTools/VC/Tools/MSVC/14.29.30037/bin/Hostx86/x64/cl.exe 
Build flags: 
Id flags: -c 

The output was:
0
Оптимизирующий компилятор Microsoft (R) C/C++ версии 19.29.30037 для x64
(C) Корпорация Майкрософт (Microsoft Corporation).  Все права защищены.

CMakeCCompilerId.c


Compilation of the C compiler identification source "CMakeCCompilerId.c" produced "CMakeCCompilerId.obj"

The C compiler identification is MSVC, found in "C:/Users/QuantumedBox/Desktop/tryings/openRogue/src/backend/msvcbuild/CMakeFiles/3.20.3/CompilerIdC/CMakeCCompilerId.obj"

Compiling the C compiler identification source file "CMakeCCompilerId.c" succeeded.
Compiler: C:/Program Files (x86)/Microsoft Visual Studio/2019/BuildTools/VC/Tools/MSVC/14.29.30037/bin/Hostx86/x64/cl.exe 
Build flags: /DWIN32;/D_WINDOWS;/W3
Id flags: -c 

The output was:
0
Оптимизирующий компилятор Microsoft (R) C/C++ версии 19.29.30037 для x64
(C) Корпорация Майкрософт (Microsoft Corporation).  Все права защищены.

CMakeCCompilerId.c


Compilation of the C compiler identification source "CMakeCCompilerId.c" produced "CMakeCCompilerId.obj"

The C compiler identification is MSVC, found in "C:/Users/QuantumedBox/Desktop/tryings/openRogue/src/backend/msvcbuild/CMakeFiles/3.20.3/CompilerIdC/CMakeCCompilerId.obj"

